0 info it worked if it ends with ok
1 verbose cli [ 'C:\\Program Files\\nodejs\\node.exe',
1 verbose cli   'C:\\Program Files\\nodejs\\node_modules\\npm\\bin\\npm-cli.js',
1 verbose cli   'run',
1 verbose cli   'watch' ]
2 info using npm@3.10.3
3 info using node@v6.7.0
4 verbose run-script [ 'prewatch', 'watch', 'postwatch' ]
5 info lifecycle movie-data-base@1.0.0~prewatch: movie-data-base@1.0.0
6 silly lifecycle movie-data-base@1.0.0~prewatch: no script for prewatch, continuing
7 info lifecycle movie-data-base@1.0.0~watch: movie-data-base@1.0.0
8 verbose lifecycle movie-data-base@1.0.0~watch: unsafe-perm in lifecycle true
9 verbose lifecycle movie-data-base@1.0.0~watch: PATH: C:\Program Files\nodejs\node_modules\npm\bin\node-gyp-bin;C:\ExpressJS-Fundamentals\ReactJS\01_MovieDatabase\node_modules\.bin;C:\Program Files\nodejs;C:\ProgramData\Oracle\Java\javapath;C:\Ruby21-x64\bin;C:\Program Files (x86)\ATI Technologies\ATI.ACE\Core-Static;C:\Program Files\nodejs\;C:\xampp\php;C:\Program Files (x86)\Skype\Phone\;C:\ProgramData\ComposerSetup\bin;C:\Program Files\Git\cmd;C:\Users\apetrov.VKP\AppData\Roaming\npm;C:\xampp\php;C:\Users\apetrov.VKP\AppData\Roaming\Composer\vendor\bin
10 verbose lifecycle movie-data-base@1.0.0~watch: CWD: C:\ExpressJS-Fundamentals\ReactJS\01_MovieDatabase
11 silly lifecycle movie-data-base@1.0.0~watch: Args: [ '/d /s /c', 'nodemon index.js' ]
12 silly lifecycle movie-data-base@1.0.0~watch: Returned: code: 1  signal: null
13 info lifecycle movie-data-base@1.0.0~watch: Failed to exec watch script
14 verbose stack Error: movie-data-base@1.0.0 watch: `nodemon index.js`
14 verbose stack Exit status 1
14 verbose stack     at EventEmitter.<anonymous> (C:\Program Files\nodejs\node_modules\npm\lib\utils\lifecycle.js:242:16)
14 verbose stack     at emitTwo (events.js:106:13)
14 verbose stack     at EventEmitter.emit (events.js:191:7)
14 verbose stack     at ChildProcess.<anonymous> (C:\Program Files\nodejs\node_modules\npm\lib\utils\spawn.js:40:14)
14 verbose stack     at emitTwo (events.js:106:13)
14 verbose stack     at ChildProcess.emit (events.js:191:7)
14 verbose stack     at maybeClose (internal/child_process.js:877:16)
14 verbose stack     at Process.ChildProcess._handle.onexit (internal/child_process.js:226:5)
15 verbose pkgid movie-data-base@1.0.0
16 verbose cwd C:\ExpressJS-Fundamentals\ReactJS\01_MovieDatabase
17 error Windows_NT 10.0.10240
18 error argv "C:\\Program Files\\nodejs\\node.exe" "C:\\Program Files\\nodejs\\node_modules\\npm\\bin\\npm-cli.js" "run" "watch"
19 error node v6.7.0
20 error npm  v3.10.3
21 error code ELIFECYCLE
22 error movie-data-base@1.0.0 watch: `nodemon index.js`
22 error Exit status 1
23 error Failed at the movie-data-base@1.0.0 watch script 'nodemon index.js'.
23 error Make sure you have the latest version of node.js and npm installed.
23 error If you do, this is most likely a problem with the movie-data-base package,
23 error not with npm itself.
23 error Tell the author that this fails on your system:
23 error     nodemon index.js
23 error You can get information on how to open an issue for this project with:
23 error     npm bugs movie-data-base
23 error Or if that isn't available, you can get their info via:
23 error     npm owner ls movie-data-base
23 error There is likely additional logging output above.
24 verbose exit [ 1, true ]
